<?xml version="1.0" encoding="UTF-8"?>
<!-- Generated by org.testng.reporters.JUnitReportReporter -->
<testsuite hostname="DESKTOP-242IO5J" failures="0" tests="1" name="SumValidation" time="4.216" errors="0" timestamp="2024-07-12T18:40:24 IST" skipped="0">
  <testcase classname="SumValidation" name="sumOfCourses" time="4.216"/>
  <system-out/>
</testsuite> <!-- SumValidation -->
