<?xml version="1.0" encoding="UTF-8"?>
<!-- Generated by org.testng.reporters.JUnitReportReporter -->
<testsuite hostname="DESKTOP-242IO5J" failures="0" tests="2" name="libraryAPI.DynamicJson" time="3.770" errors="0" timestamp="2022-11-23T21:28:49 IST" skipped="0">
  <testcase classname="libraryAPI.DynamicJson" name="addBook" time="0.176"/>
  <system-out/>
  <testcase classname="libraryAPI.DynamicJson" name="addBook" time="3.594"/>
  <system-out/>
</testsuite> <!-- libraryAPI.DynamicJson -->
